app/build/outputs/logs/manifest-merger-debug-report.txt
-- Merging decision tree log ---
manifest
ADDED from AndroidManifest.xml:2:1
	package
		ADDED from AndroidManifest.xml:3:5
		INJECTED from AndroidManifest.xml:0:0
		INJECTED from AndroidManifest.xml:0:0
	android:versionName
		ADDED from AndroidManifest.xml:5:5
	android:versionCode
		ADDED from AndroidManifest.xml:4:5
		INJECTED from AndroidManifest.xml:0:0
		INJECTED from AndroidManifest.xml:0:0
	xmlns:android
		ADDED from AndroidManifest.xml:2:11
uses-sdk
ADDED from AndroidManifest.xml:7:5
MERGED from com.android.support:support-v4:22.2.0:20:5
MERGED from com.android.support:design:22.2.0:20:5
MERGED from com.android.support:appcompat-v7:22.2.0:20:5
MERGED from com.android.support:support-v4:22.2.0:20:5
MERGED from com.android.support:support-v4:22.2.0:20:5
MERGED from com.android.support:multidex:1.0.1:18:5
MERGED from com.android.support:support-v13:22.2.0:20:5
MERGED from com.android.support:support-v4:22.2.0:20:5
MERGED from com.android.support:appcompat-v7:22.2.0:20:5
MERGED from com.android.support:support-v4:22.2.0:20:5
	android:targetSdkVersion
		ADDED from AndroidManifest.xml:9:9
		INJECTED from AndroidManifest.xml:0:0
		INJECTED from AndroidManifest.xml:0:0
	android:minSdkVersion
		ADDED from AndroidManifest.xml:8:9
		INJECTED from AndroidManifest.xml:0:0
		INJECTED from AndroidManifest.xml:0:0
uses-permission#android.permission.WRITE_EXTERNAL_STORAGE
ADDED from AndroidManifest.xml:11:5
	android:minSdkVersion
		ADDED from AndroidManifest.xml:13:9
	android:name
		ADDED from AndroidManifest.xml:12:9
uses-permission#android.permission.READ_PHONE_STATE
ADDED from AndroidManifest.xml:14:5
	android:name
		ADDED from AndroidManifest.xml:14:22
uses-permission#android.permission.INTERNET
ADDED from AndroidManifest.xml:15:5
	android:minSdkVersion
		ADDED from AndroidManifest.xml:17:9
	android:name
		ADDED from AndroidManifest.xml:16:9
uses-permission#android.permission.ACCESS_NETWORK_STATE
ADDED from AndroidManifest.xml:18:5
	android:minSdkVersion
		ADDED from AndroidManifest.xml:20:9
	android:name
		ADDED from AndroidManifest.xml:19:9
uses-permission#android.androi.READ_EXTERNAL_STORAGE
ADDED from AndroidManifest.xml:21:5
	android:minSdkVersion
		ADDED from AndroidManifest.xml:23:9
	android:name
		ADDED from AndroidManifest.xml:22:9
uses-permission#android.permission.VIBRATE
ADDED from AndroidManifest.xml:24:5
	android:name
		ADDED from AndroidManifest.xml:24:22
uses-permission#android.permission.READ_EXTERNAL_STORAGE
ADDED from AndroidManifest.xml:25:5
	android:maxSdkVersion
		ADDED from AndroidManifest.xml:27:9
	android:name
		ADDED from AndroidManifest.xml:26:9
uses-permission#android.permission.RECEIVE_BOOT_COMPLETED
ADDED from AndroidManifest.xml:28:5
	android:name
		ADDED from AndroidManifest.xml:28:22
application
ADDED from AndroidManifest.xml:30:5
MERGED from com.android.support:support-v4:22.2.0:22:5
MERGED from com.android.support:design:22.2.0:22:5
MERGED from com.android.support:appcompat-v7:22.2.0:22:5
MERGED from com.android.support:support-v4:22.2.0:22:5
MERGED from com.android.support:support-v4:22.2.0:22:5
MERGED from com.android.support:support-v13:22.2.0:22:5
MERGED from com.android.support:support-v4:22.2.0:22:5
MERGED from com.android.support:appcompat-v7:22.2.0:22:5
MERGED from com.android.support:support-v4:22.2.0:22:5
	android:label
		ADDED from AndroidManifest.xml:33:9
	android:allowBackup
		ADDED from AndroidManifest.xml:31:9
	android:icon
		ADDED from AndroidManifest.xml:32:9
	android:theme
		ADDED from AndroidManifest.xml:34:9
activity#me.bolanleonifade.remoteconnection.SessionsActivity
ADDED from AndroidManifest.xml:35:9
	android:name
		ADDED from AndroidManifest.xml:35:19
intent-filter#android.intent.action.MAIN+android.intent.category.LAUNCHER
ADDED from AndroidManifest.xml:36:13
action#android.intent.action.MAIN
ADDED from AndroidManifest.xml:37:17
	android:name
		ADDED from AndroidManifest.xml:37:25
category#android.intent.category.LAUNCHER
ADDED from AndroidManifest.xml:39:17
	android:name
		ADDED from AndroidManifest.xml:39:27
activity#me.bolanleonifade.remoteconnection.SessionSettingsActivity
ADDED from AndroidManifest.xml:42:9
	android:label
		ADDED from AndroidManifest.xml:44:13
	android:parentActivityName
		ADDED from AndroidManifest.xml:45:13
	android:name
		ADDED from AndroidManifest.xml:43:13
activity#me.bolanleonifade.remoteconnection.FileSystemActivity
ADDED from AndroidManifest.xml:46:9
	android:label
		ADDED from AndroidManifest.xml:49:13
	android:exported
		ADDED from AndroidManifest.xml:48:13
	android:theme
		ADDED from AndroidManifest.xml:50:13
	android:name
		ADDED from AndroidManifest.xml:47:13
intent-filter#android.intent.category.DEFAULT+me.bolanleonifade.remoteconnection.FileSystemActivity
ADDED from AndroidManifest.xml:51:13
action#me.bolanleonifade.remoteconnection.FileSystemActivity
ADDED from AndroidManifest.xml:52:17
	android:name
		ADDED from AndroidManifest.xml:52:25
category#android.intent.category.DEFAULT
ADDED from AndroidManifest.xml:54:17
	android:name
		ADDED from AndroidManifest.xml:54:27
activity#me.bolanleonifade.remoteconnection.ReportsActivity
ADDED from AndroidManifest.xml:57:9
	android:label
		ADDED from AndroidManifest.xml:59:13
	android:name
		ADDED from AndroidManifest.xml:58:13
activity#me.bolanleonifade.remoteconnection.ReportActivity
ADDED from AndroidManifest.xml:60:9
	android:label
		ADDED from AndroidManifest.xml:62:13
	android:parentActivityName
		ADDED from AndroidManifest.xml:63:13
	android:name
		ADDED from AndroidManifest.xml:61:13
meta-data#android.support.PARENT_ACTIVITY
ADDED from AndroidManifest.xml:64:13
	android:value
		ADDED from AndroidManifest.xml:66:17
	android:name
		ADDED from AndroidManifest.xml:65:17
receiver#me.bolanleonifade.remoteconnection.SynchronisationReceiver
ADDED from AndroidManifest.xml:69:9
	android:enabled
		ADDED from AndroidManifest.xml:71:13
	android:process
		ADDED from AndroidManifest.xml:73:13
	android:exported
		ADDED from AndroidManifest.xml:72:13
	android:name
		ADDED from AndroidManifest.xml:70:13
intent-filter#me.bolanleonifade.remoteconnection.receiver.sync
ADDED from AndroidManifest.xml:74:13
action#me.bolanleonifade.remoteconnection.receiver.sync
ADDED from AndroidManifest.xml:75:17
	android:name
		ADDED from AndroidManifest.xml:75:25
service#me.bolanleonifade.remoteconnection.SynchronisationService
ADDED from AndroidManifest.xml:79:9
	android:enabled
		ADDED from AndroidManifest.xml:81:13
	android:exported
		ADDED from AndroidManifest.xml:82:13
	android:name
		ADDED from AndroidManifest.xml:80:13
receiver#me.bolanleonifade.remoteconnection.DeletionReceiver
ADDED from AndroidManifest.xml:85:9
	android:enabled
		ADDED from AndroidManifest.xml:87:13
	android:process
		ADDED from AndroidManifest.xml:89:13
	android:exported
		ADDED from AndroidManifest.xml:88:13
	android:name
		ADDED from AndroidManifest.xml:86:13
intent-filter#me.bolanleonifade.remoteconnection.receiver.delete
ADDED from AndroidManifest.xml:90:13
action#me.bolanleonifade.remoteconnection.receiver.delete
ADDED from AndroidManifest.xml:91:17
	android:name
		ADDED from AndroidManifest.xml:91:25
service#me.bolanleonifade.remoteconnection.DeletionService
ADDED from AndroidManifest.xml:95:9
	android:enabled
		ADDED from AndroidManifest.xml:97:13
	android:exported
		ADDED from AndroidManifest.xml:98:13
	android:name
		ADDED from AndroidManifest.xml:96:13
activity#me.bolanleonifade.remoteconnection.SettingsActivity
ADDED from AndroidManifest.xml:101:9
	android:label
		ADDED from AndroidManifest.xml:103:13
	android:name
		ADDED from AndroidManifest.xml:102:13
activity#me.bolanleonifade.remoteconnection.AboutActivity
ADDED from AndroidManifest.xml:105:9
	android:label
		ADDED from AndroidManifest.xml:107:13
	android:name
		ADDED from AndroidManifest.xml:106:13